Using pre-set license
Built from '2021.1/staging' branch; Version is '2021.1.13f1 (a03098edbbe0) revision 10498200'; Using compiler version '192528614'; Build Type 'Release'
OS: 'Windows 10 Home; OS build 19043.1110; Version 2009; 64bit' Language: 'de' Physical Memory: 32702 MB
BatchMode: 1, IsHumanControllingUs: 0, StartBugReporterOnCrash: 0, Is64bit: 1, IsPro: 0

 COMMAND LINE ARGUMENTS:
C:\Program Files\Unity\Hub\Editor\2021.1.13f1\Editor\Unity.exe
-adb2
-batchMode
-noUpm
-name
AssetImportWorker0
-projectPath
E:/nils/programmieren/fertig/C#/Unity/Herr Schloesser
-logFile
Logs/AssetImportWorker0.log
-srvPort
60108
Successfully changed project path to: E:/nils/programmieren/fertig/C#/Unity/Herr Schloesser
E:/nils/programmieren/fertig/C#/Unity/Herr Schloesser
Using Asset Import Pipeline V2.
Refreshing native plugins compatible for Editor in 71.46 ms, found 5 plugins.
Preloading 0 native plugins for Editor in 0.00 ms.
Initialize engine version: 2021.1.13f1 (a03098edbbe0)
[Subsystems] Discovering subsystems at path C:/Program Files/Unity/Hub/Editor/2021.1.13f1/Editor/Data/Resources/UnitySubsystems
[Subsystems] Discovering subsystems at path E:/nils/programmieren/fertig/C#/Unity/Herr Schloesser/Assets
GfxDevice: creating device client; threaded=0; jobified=0
Direct3D:
    Version:  Direct3D 11.0 [level 11.1]
    Renderer: NVIDIA GeForce GTX 1050 Ti (ID=0x1c82)
    Vendor:   NVIDIA
    VRAM:     4018 MB
    Driver:   27.21.14.5671
Initialize mono
Mono path[0] = 'C:/Program Files/Unity/Hub/Editor/2021.1.13f1/Editor/Data/Managed'
Mono path[1] = 'C:/Program Files/Unity/Hub/Editor/2021.1.13f1/Editor/Data/MonoBleedingEdge/lib/mono/unityjit'
Mono config path = 'C:/Program Files/Unity/Hub/Editor/2021.1.13f1/Editor/Data/MonoBleedingEdge/etc'
Using monoOptions --debugger-agent=transport=dt_socket,embedding=1,server=y,suspend=n,address=127.0.0.1:56292
Begin MonoManager ReloadAssembly
Registering precompiled unity dll's ...
Register platform support module: C:/Program Files/Unity/Hub/Editor/2021.1.13f1/Editor/Data/PlaybackEngines/WebGLSupport/UnityEditor.WebGL.Extensions.dll
Register platform support module: C:/Program Files/Unity/Hub/Editor/2021.1.13f1/Editor/Data/PlaybackEngines/WindowsStandaloneSupport/UnityEditor.WindowsStandalone.Extensions.dll
Registered in 0.002034 seconds.
Native extension for WindowsStandalone target not found
Native extension for WebGL target not found
Refreshing native plugins compatible for Editor in 60.54 ms, found 5 plugins.
Preloading 0 native plugins for Editor in 0.00 ms.
Mono: successfully reloaded assembly
- Completed reload, in  1.908 seconds
Domain Reload Profiling:
	ReloadAssembly (1908ms)
		BeginReloadAssembly (58ms)
			ExecutionOrderSort (0ms)
			DisableScriptedObjects (0ms)
			BackupInstance (0ms)
			ReleaseScriptingObjects (0ms)
			CreateAndSetChildDomain (1ms)
		EndReloadAssembly (467ms)
			LoadAssemblies (56ms)
			RebuildTransferFunctionScriptingTraits (0ms)
			SetupTypeCache (185ms)
			ReleaseScriptCaches (0ms)
			RebuildScriptCaches (29ms)
			SetupLoadedEditorAssemblies (207ms)
				LogAssemblyErrors (0ms)
				InitializePlatformSupportModulesInManaged (7ms)
				SetLoadedEditorAssemblies (0ms)
				RefreshPlugins (61ms)
				BeforeProcessingInitializeOnLoad (2ms)
				ProcessInitializeOnLoadAttributes (109ms)
				ProcessInitializeOnLoadMethodAttributes (27ms)
				AfterProcessingInitializeOnLoad (0ms)
				EditorAssembliesLoaded (0ms)
			ExecutionOrderSort2 (0ms)
			AwakeInstancesAfterBackupRestoration (0ms)
Platform modules already initialized, skipping
Registering precompiled user dll's ...
Registered in 0.008164 seconds.
Begin MonoManager ReloadAssembly
Symbol file LoadedFromMemory is not a mono symbol file
Symbol file LoadedFromMemory is not a mono symbol file
Symbol file LoadedFromMemory is not a mono symbol file
Symbol file LoadedFromMemory is not a mono symbol file
Native extension for WindowsStandalone target not found
Native extension for WebGL target not found
Refreshing native plugins compatible for Editor in 62.94 ms, found 5 plugins.
Preloading 0 native plugins for Editor in 0.00 ms.
Mono: successfully reloaded assembly
- Completed reload, in  1.285 seconds
Domain Reload Profiling:
	ReloadAssembly (1286ms)
		BeginReloadAssembly (150ms)
			ExecutionOrderSort (0ms)
			DisableScriptedObjects (4ms)
			BackupInstance (0ms)
			ReleaseScriptingObjects (0ms)
			CreateAndSetChildDomain (20ms)
		EndReloadAssembly (1072ms)
			LoadAssemblies (94ms)
			RebuildTransferFunctionScriptingTraits (0ms)
			SetupTypeCache (383ms)
			ReleaseScriptCaches (1ms)
			RebuildScriptCaches (56ms)
			SetupLoadedEditorAssemblies (427ms)
				LogAssemblyErrors (0ms)
				InitializePlatformSupportModulesInManaged (4ms)
				SetLoadedEditorAssemblies (0ms)
				RefreshPlugins (63ms)
				BeforeProcessingInitializeOnLoad (76ms)
				ProcessInitializeOnLoadAttributes (263ms)
				ProcessInitializeOnLoadMethodAttributes (14ms)
				AfterProcessingInitializeOnLoad (6ms)
				EditorAssembliesLoaded (0ms)
			ExecutionOrderSort2 (0ms)
			AwakeInstancesAfterBackupRestoration (7ms)
Platform modules already initialized, skipping
========================================================================
Worker process is ready to serve import requests
Launched and connected shader compiler UnityShaderCompiler.exe after 0.05 seconds
Refreshing native plugins compatible for Editor in 2.18 ms, found 5 plugins.
Preloading 0 native plugins for Editor in 0.00 ms.
Unloading 3334 Unused Serialized files (Serialized files now loaded: 0)
System memory in use before: 150.4 MB.
System memory in use after: 150.5 MB.

Unloading 46 unused Assets to reduce memory usage. Loaded Objects now: 3817.
Total: 2.408600 ms (FindLiveObjects: 0.230200 ms CreateObjectMapping: 0.144200 ms MarkObjects: 1.952000 ms  DeleteObjects: 0.081400 ms)

AssetImportParameters requested are different than current active one (requested -> active):
  custom:framework-win-MediaFoundation: 216162199b28c13a410421893ffa2e32 -> 
  custom:video-decoder-ogg-theora: a1e56fd34408186e4bbccfd4996cb3dc -> 
  custom:container-muxer-webm: aa71ff27fc2769a1b78a27578f13a17b -> 
  custom:container-demuxer-webm: 4f35f7cbe854078d1ac9338744f61a02 -> 
  custom:container-demuxer-ogg: 62fdf1f143b41e24485cea50d1cbac27 -> 
  custom:video-encoder-webm-vp8: eb34c28f22e8b96e1ab97ce403110664 -> 
  custom:video-decoder-webm-vp8: 9c59270c3fd7afecdb556c50c9e8de78 -> 
  custom:audio-decoder-ogg-vorbis: bf7c407c2cedff20999df2af8eb42d56 -> 
  custom:audio-encoder-webm-vorbis: bf7c407c2cedff20999df2af8eb42d56 -> 
========================================================================
Received Import Request.
  path: Assets/Images/Backgrounds
  artifactKey: Guid(b08dd461c5fe7554daed82f823e399d7) Importer(815301076,1909f56bfc062723c751e8b465ee728b)
Start importing Assets/Images/Backgrounds using Guid(b08dd461c5fe7554daed82f823e399d7) Importer(815301076,1909f56bfc062723c751e8b465ee728b)  -> (artifact id: '1b5702bd6fe522f67dc179ebdd195ae5') in 0.005291 seconds 
========================================================================
Received Import Request.
  Time since last request: 0.000142 seconds.
  path: Assets/Images/Backgrounds/Map.png
  artifactKey: Guid(c1a6cbead71d21249889ca31b4e0f5a1) Importer(815301076,1909f56bfc062723c751e8b465ee728b)
Start importing Assets/Images/Backgrounds/Map.png using Guid(c1a6cbead71d21249889ca31b4e0f5a1) Importer(815301076,1909f56bfc062723c751e8b465ee728b)  -> (artifact id: 'c106d07fcf3241e2525e63b0b34909dd') in 0.156713 seconds 
========================================================================
Received Import Request.
  Time since last request: 0.000228 seconds.
  path: Assets/Images/Backgrounds/Map1.jpg
  artifactKey: Guid(4540e19acc31b4140a63beb7e871331c) Importer(815301076,1909f56bfc062723c751e8b465ee728b)
Start importing Assets/Images/Backgrounds/Map1.jpg using Guid(4540e19acc31b4140a63beb7e871331c) Importer(815301076,1909f56bfc062723c751e8b465ee728b)  -> (artifact id: '06a098cfd89a77f89a767f252fa387a4') in 0.018700 seconds 
========================================================================
Received Import Request.
  Time since last request: 5.558149 seconds.
  path: Assets/Images/Backgrounds/Map.png
  artifactKey: Guid(c1a6cbead71d21249889ca31b4e0f5a1) Importer(815301076,1909f56bfc062723c751e8b465ee728b)
Start importing Assets/Images/Backgrounds/Map.png using Guid(c1a6cbead71d21249889ca31b4e0f5a1) Importer(815301076,1909f56bfc062723c751e8b465ee728b)  -> (artifact id: '30cce3f81147aa4351d2dcc5ef43ac06') in 0.010942 seconds 
========================================================================
Received Import Request.
  Time since last request: 5.089958 seconds.
  path: Assets/Images/Backgrounds/Map1.jpg
  artifactKey: Guid(4540e19acc31b4140a63beb7e871331c) Importer(815301076,1909f56bfc062723c751e8b465ee728b)
Start importing Assets/Images/Backgrounds/Map1.jpg using Guid(4540e19acc31b4140a63beb7e871331c) Importer(815301076,1909f56bfc062723c751e8b465ee728b)  -> (artifact id: '84069cea3766ed78f67a3be40f85c656') in 0.008925 seconds 
========================================================================
Received Import Request.
  Time since last request: 200.700674 seconds.
  path: Assets/Images/Backgrounds/Map1.png.jpg
  artifactKey: Guid(c7cd6878c1ae68b49b19db08c49bb840) Importer(815301076,1909f56bfc062723c751e8b465ee728b)
Start importing Assets/Images/Backgrounds/Map1.png.jpg using Guid(c7cd6878c1ae68b49b19db08c49bb840) Importer(815301076,1909f56bfc062723c751e8b465ee728b)  -> (artifact id: '2217a738875e69e61b4b50179c12aa8e') in 0.023924 seconds 
========================================================================
Received Import Request.
  Time since last request: 82.227554 seconds.
  path: Assets/Images/Backgrounds/Map1.png
  artifactKey: Guid(d9a34bdc5fba7a14385418c2d6d39483) Importer(815301076,1909f56bfc062723c751e8b465ee728b)
Start importing Assets/Images/Backgrounds/Map1.png using Guid(d9a34bdc5fba7a14385418c2d6d39483) Importer(815301076,1909f56bfc062723c751e8b465ee728b)  -> (artifact id: '803dc1daa9c60ba6a926773ed0d1c842') in 0.009903 seconds 
========================================================================
Received Import Request.
  Time since last request: 999.451207 seconds.
  path: Assets/Images/Backgrounds/Map.png
  artifactKey: Guid(c1a6cbead71d21249889ca31b4e0f5a1) Importer(815301076,1909f56bfc062723c751e8b465ee728b)
Start importing Assets/Images/Backgrounds/Map.png using Guid(c1a6cbead71d21249889ca31b4e0f5a1) Importer(815301076,1909f56bfc062723c751e8b465ee728b)  -> (artifact id: '0f5b2cd73598ea636a863410a4466142') in 0.014507 seconds 
========================================================================
Received Prepare
Refreshing native plugins compatible for Editor in 7.11 ms, found 5 plugins.
Preloading 0 native plugins for Editor in 0.00 ms.
Unloading 33 Unused Serialized files (Serialized files now loaded: 0)
System memory in use before: 82.2 MB.
System memory in use after: 82.3 MB.

Unloading 32 unused Assets to reduce memory usage. Loaded Objects now: 3834.
Total: 3.757700 ms (FindLiveObjects: 0.316500 ms CreateObjectMapping: 0.185500 ms MarkObjects: 3.194600 ms  DeleteObjects: 0.060000 ms)

AssetImportParameters requested are different than current active one (requested -> active):
  custom:framework-win-MediaFoundation: 216162199b28c13a410421893ffa2e32 -> 
  custom:video-decoder-ogg-theora: a1e56fd34408186e4bbccfd4996cb3dc -> 
  custom:container-muxer-webm: aa71ff27fc2769a1b78a27578f13a17b -> 
  custom:container-demuxer-webm: 4f35f7cbe854078d1ac9338744f61a02 -> 
  custom:container-demuxer-ogg: 62fdf1f143b41e24485cea50d1cbac27 -> 
  custom:video-encoder-webm-vp8: eb34c28f22e8b96e1ab97ce403110664 -> 
  custom:video-decoder-webm-vp8: 9c59270c3fd7afecdb556c50c9e8de78 -> 
  custom:audio-decoder-ogg-vorbis: bf7c407c2cedff20999df2af8eb42d56 -> 
  custom:audio-encoder-webm-vorbis: bf7c407c2cedff20999df2af8eb42d56 -> 
